--- Generation Start ---
Start Date: 2026-03-03
Include Sundays: NO
Gen #0: 2026-03-03 (N=2) | Amount: 21154.000000
Gen #1: 2026-03-04 (N=3) | Amount: 20834.000000
Gen #2: 2026-03-05 (N=4) | Amount: 20834.000000
Gen #3: 2026-03-06 (N=5) | Amount: 20834.000000
Gen #4: 2026-03-07 (N=6) | Amount: 20834.000000
SKIP (Sunday): 2026-03-08
Gen #5: 2026-03-09 (N=1) | Amount: 20834.000000
Gen #6: 2026-03-10 (N=2) | Amount: 20834.000000
Gen #7: 2026-03-11 (N=3) | Amount: 20834.000000
Gen #8: 2026-03-12 (N=4) | Amount: 20834.000000
Gen #9: 2026-03-13 (N=5) | Amount: 20834.000000
Gen #10: 2026-03-14 (N=6) | Amount: 20834.000000
SKIP (Sunday): 2026-03-15
Gen #11: 2026-03-16 (N=1) | Amount: 20834.000000
Gen #12: 2026-03-17 (N=2) | Amount: 20834.000000
Gen #13: 2026-03-18 (N=3) | Amount: 20834.000000
Gen #14: 2026-03-19 (N=4) | Amount: 20834.000000
Gen #15: 2026-03-20 (N=5) | Amount: 20834.000000
Gen #16: 2026-03-21 (N=6) | Amount: 20834.000000
SKIP (Sunday): 2026-03-22
Gen #17: 2026-03-23 (N=1) | Amount: 20834.000000
Gen #18: 2026-03-24 (N=2) | Amount: 20834.000000
Gen #19: 2026-03-25 (N=3) | Amount: 20834.000000
Gen #20: 2026-03-26 (N=4) | Amount: 20834.000000
Gen #21: 2026-03-27 (N=5) | Amount: 20834.000000
Gen #22: 2026-03-28 (N=6) | Amount: 20834.000000
SKIP (Sunday): 2026-03-29
Gen #23: 2026-03-30 (N=1) | Amount: 20834.000000
Gen #24: 2026-03-31 (N=2) | Amount: 20834.000000
Gen #25: 2026-04-01 (N=3) | Amount: 20834.000000
Gen #26: 2026-04-02 (N=4) | Amount: 20834.000000
Gen #27: 2026-04-03 (N=5) | Amount: 20834.000000
Gen #28: 2026-04-04 (N=6) | Amount: 20834.000000
SKIP (Sunday): 2026-04-05
Gen #29: 2026-04-06 (N=1) | Amount: 20834.000000
Gen #30: 2026-04-07 (N=2) | Amount: 20834.000000
Gen #31: 2026-04-08 (N=3) | Amount: 20834.000000
Gen #32: 2026-04-09 (N=4) | Amount: 20834.000000
Gen #33: 2026-04-10 (N=5) | Amount: 20834.000000
Gen #34: 2026-04-11 (N=6) | Amount: 20834.000000
SKIP (Sunday): 2026-04-12
Gen #35: 2026-04-13 (N=1) | Amount: 20834.000000
Gen #36: 2026-04-14 (N=2) | Amount: 20834.000000
Gen #37: 2026-04-15 (N=3) | Amount: 20834.000000
Gen #38: 2026-04-16 (N=4) | Amount: 20834.000000
Gen #39: 2026-04-17 (N=5) | Amount: 20834.000000
Gen #40: 2026-04-18 (N=6) | Amount: 20834.000000
SKIP (Sunday): 2026-04-19
Gen #41: 2026-04-20 (N=1) | Amount: 20834.000000
Gen #42: 2026-04-21 (N=2) | Amount: 20834.000000
Gen #43: 2026-04-22 (N=3) | Amount: 20834.000000
Gen #44: 2026-04-23 (N=4) | Amount: 20834.000000
Gen #45: 2026-04-24 (N=5) | Amount: 20834.000000
Gen #46: 2026-04-25 (N=6) | Amount: 20834.000000
SKIP (Sunday): 2026-04-26
Gen #47: 2026-04-27 (N=1) | Amount: 20834.000000
Gen #48: 2026-04-28 (N=2) | Amount: 20834.000000
Gen #49: 2026-04-29 (N=3) | Amount: 20834.000000
Gen #50: 2026-04-30 (N=4) | Amount: 20834.000000
Gen #51: 2026-05-01 (N=5) | Amount: 20834.000000
Gen #52: 2026-05-02 (N=6) | Amount: 20834.000000
SKIP (Sunday): 2026-05-03
Gen #53: 2026-05-04 (N=1) | Amount: 20834.000000
Gen #54: 2026-05-05 (N=2) | Amount: 20834.000000
Gen #55: 2026-05-06 (N=3) | Amount: 20834.000000
Gen #56: 2026-05-07 (N=4) | Amount: 20834.000000
Gen #57: 2026-05-08 (N=5) | Amount: 20834.000000
Gen #58: 2026-05-09 (N=6) | Amount: 20834.000000
SKIP (Sunday): 2026-05-10
Gen #59: 2026-05-11 (N=1) | Amount: 20834.000000
Gen #60: 2026-05-12 (N=2) | Amount: 20834.000000
Gen #61: 2026-05-13 (N=3) | Amount: 20834.000000
Gen #62: 2026-05-14 (N=4) | Amount: 20834.000000
Gen #63: 2026-05-15 (N=5) | Amount: 20834.000000
Gen #64: 2026-05-16 (N=6) | Amount: 20834.000000
SKIP (Sunday): 2026-05-17
Gen #65: 2026-05-18 (N=1) | Amount: 20834.000000
Gen #66: 2026-05-19 (N=2) | Amount: 20834.000000
Gen #67: 2026-05-20 (N=3) | Amount: 20834.000000
Gen #68: 2026-05-21 (N=4) | Amount: 20834.000000
Gen #69: 2026-05-22 (N=5) | Amount: 20834.000000
Gen #70: 2026-05-23 (N=6) | Amount: 20834.000000
SKIP (Sunday): 2026-05-24
Gen #71: 2026-05-25 (N=1) | Amount: 20834.000000
Gen #72: 2026-05-26 (N=2) | Amount: 20834.000000
Gen #73: 2026-05-27 (N=3) | Amount: 20834.000000
Gen #74: 2026-05-28 (N=4) | Amount: 20834.000000
Gen #75: 2026-05-29 (N=5) | Amount: 20834.000000
Gen #76: 2026-05-30 (N=6) | Amount: 20834.000000
SKIP (Sunday): 2026-05-31
Gen #77: 2026-06-01 (N=1) | Amount: 20834.000000
Gen #78: 2026-06-02 (N=2) | Amount: 20834.000000
Gen #79: 2026-06-03 (N=3) | Amount: 20834.000000
Gen #80: 2026-06-04 (N=4) | Amount: 20834.000000
Gen #81: 2026-06-05 (N=5) | Amount: 20834.000000
Gen #82: 2026-06-06 (N=6) | Amount: 20834.000000
SKIP (Sunday): 2026-06-07
Gen #83: 2026-06-08 (N=1) | Amount: 20834.000000
Gen #84: 2026-06-09 (N=2) | Amount: 20834.000000
Gen #85: 2026-06-10 (N=3) | Amount: 20834.000000
Gen #86: 2026-06-11 (N=4) | Amount: 20834.000000
Gen #87: 2026-06-12 (N=5) | Amount: 20834.000000
Gen #88: 2026-06-13 (N=6) | Amount: 20834.000000
SKIP (Sunday): 2026-06-14
Gen #89: 2026-06-15 (N=1) | Amount: 20834.000000
Gen #90: 2026-06-16 (N=2) | Amount: 20834.000000
Gen #91: 2026-06-17 (N=3) | Amount: 20834.000000
Gen #92: 2026-06-18 (N=4) | Amount: 20834.000000
Gen #93: 2026-06-19 (N=5) | Amount: 20834.000000
Gen #94: 2026-06-20 (N=6) | Amount: 20834.000000
SKIP (Sunday): 2026-06-21
Gen #95: 2026-06-22 (N=1) | Amount: 20834.000000
Gen #96: 2026-06-23 (N=2) | Amount: 20834.000000
Gen #97: 2026-06-24 (N=3) | Amount: 20834.000000
Gen #98: 2026-06-25 (N=4) | Amount: 20834.000000
Gen #99: 2026-06-26 (N=5) | Amount: 20834.000000
Gen #100: 2026-06-27 (N=6) | Amount: 20834.000000
SKIP (Sunday): 2026-06-28
Gen #101: 2026-06-29 (N=1) | Amount: 20834.000000
Gen #102: 2026-06-30 (N=2) | Amount: 20834.000000
Gen #103: 2026-07-01 (N=3) | Amount: 20834.000000
Gen #104: 2026-07-02 (N=4) | Amount: 20834.000000
Gen #105: 2026-07-03 (N=5) | Amount: 20834.000000
Gen #106: 2026-07-04 (N=6) | Amount: 20834.000000
SKIP (Sunday): 2026-07-05
Gen #107: 2026-07-06 (N=1) | Amount: 20834.000000
Gen #108: 2026-07-07 (N=2) | Amount: 20834.000000
Gen #109: 2026-07-08 (N=3) | Amount: 20834.000000
Gen #110: 2026-07-09 (N=4) | Amount: 20834.000000
Gen #111: 2026-07-10 (N=5) | Amount: 20834.000000
Gen #112: 2026-07-11 (N=6) | Amount: 20834.000000
SKIP (Sunday): 2026-07-12
Gen #113: 2026-07-13 (N=1) | Amount: 20834.000000
Gen #114: 2026-07-14 (N=2) | Amount: 20834.000000
Gen #115: 2026-07-15 (N=3) | Amount: 20834.000000
Gen #116: 2026-07-16 (N=4) | Amount: 20834.000000
Gen #117: 2026-07-17 (N=5) | Amount: 20834.000000
Gen #118: 2026-07-18 (N=6) | Amount: 20834.000000
SKIP (Sunday): 2026-07-19
Gen #119: 2026-07-20 (N=1) | Amount: 20834.000000
Gen #120: 2026-07-21 (N=2) | Amount: 20834.000000
Gen #121: 2026-07-22 (N=3) | Amount: 20834.000000
Gen #122: 2026-07-23 (N=4) | Amount: 20834.000000
Gen #123: 2026-07-24 (N=5) | Amount: 20834.000000
Gen #124: 2026-07-25 (N=6) | Amount: 20834.000000
SKIP (Sunday): 2026-07-26
Gen #125: 2026-07-27 (N=1) | Amount: 20834.000000
Gen #126: 2026-07-28 (N=2) | Amount: 20834.000000
Gen #127: 2026-07-29 (N=3) | Amount: 20834.000000
Gen #128: 2026-07-30 (N=4) | Amount: 20834.000000
Gen #129: 2026-07-31 (N=5) | Amount: 20834.000000
Gen #130: 2026-08-01 (N=6) | Amount: 20834.000000
SKIP (Sunday): 2026-08-02
Gen #131: 2026-08-03 (N=1) | Amount: 20834.000000
Gen #132: 2026-08-04 (N=2) | Amount: 20834.000000
Gen #133: 2026-08-05 (N=3) | Amount: 20834.000000
Gen #134: 2026-08-06 (N=4) | Amount: 20834.000000
Gen #135: 2026-08-07 (N=5) | Amount: 20834.000000
Gen #136: 2026-08-08 (N=6) | Amount: 20834.000000
SKIP (Sunday): 2026-08-09
Gen #137: 2026-08-10 (N=1) | Amount: 20834.000000
Gen #138: 2026-08-11 (N=2) | Amount: 20834.000000
Gen #139: 2026-08-12 (N=3) | Amount: 20834.000000
Gen #140: 2026-08-13 (N=4) | Amount: 20834.000000
Gen #141: 2026-08-14 (N=5) | Amount: 20834.000000
Gen #142: 2026-08-15 (N=6) | Amount: 20834.000000
SKIP (Sunday): 2026-08-16
Gen #143: 2026-08-17 (N=1) | Amount: 20834.000000
Gen #144: 2026-08-18 (N=2) | Amount: 20834.000000
Gen #145: 2026-08-19 (N=3) | Amount: 20834.000000
Gen #146: 2026-08-20 (N=4) | Amount: 20834.000000
Gen #147: 2026-08-21 (N=5) | Amount: 20834.000000
Gen #148: 2026-08-22 (N=6) | Amount: 20834.000000
SKIP (Sunday): 2026-08-23
Gen #149: 2026-08-24 (N=1) | Amount: 20834.000000
Gen #150: 2026-08-25 (N=2) | Amount: 20834.000000
Gen #151: 2026-08-26 (N=3) | Amount: 20834.000000
Gen #152: 2026-08-27 (N=4) | Amount: 20834.000000
Gen #153: 2026-08-28 (N=5) | Amount: 20834.000000
Gen #154: 2026-08-29 (N=6) | Amount: 20834.000000
SKIP (Sunday): 2026-08-30
Gen #155: 2026-08-31 (N=1) | Amount: 20834.000000
Gen #156: 2026-09-01 (N=2) | Amount: 20834.000000
Gen #157: 2026-09-02 (N=3) | Amount: 20834.000000
Gen #158: 2026-09-03 (N=4) | Amount: 20834.000000
Gen #159: 2026-09-04 (N=5) | Amount: 20834.000000
Gen #160: 2026-09-05 (N=6) | Amount: 20834.000000
SKIP (Sunday): 2026-09-06
Gen #161: 2026-09-07 (N=1) | Amount: 20834.000000
Gen #162: 2026-09-08 (N=2) | Amount: 20834.000000
Gen #163: 2026-09-09 (N=3) | Amount: 20834.000000
Gen #164: 2026-09-10 (N=4) | Amount: 20834.000000
Gen #165: 2026-09-11 (N=5) | Amount: 20834.000000
Gen #166: 2026-09-12 (N=6) | Amount: 20834.000000
SKIP (Sunday): 2026-09-13
Gen #167: 2026-09-14 (N=1) | Amount: 20834.000000
Gen #168: 2026-09-15 (N=2) | Amount: 20834.000000
Gen #169: 2026-09-16 (N=3) | Amount: 20834.000000
Gen #170: 2026-09-17 (N=4) | Amount: 20834.000000
Gen #171: 2026-09-18 (N=5) | Amount: 20834.000000
Gen #172: 2026-09-19 (N=6) | Amount: 20834.000000
SKIP (Sunday): 2026-09-20
Gen #173: 2026-09-21 (N=1) | Amount: 20834.000000
Gen #174: 2026-09-22 (N=2) | Amount: 20834.000000
Gen #175: 2026-09-23 (N=3) | Amount: 20834.000000
Gen #176: 2026-09-24 (N=4) | Amount: 20834.000000
Gen #177: 2026-09-25 (N=5) | Amount: 20834.000000
Gen #178: 2026-09-26 (N=6) | Amount: 20834.000000
SKIP (Sunday): 2026-09-27
Gen #179: 2026-09-28 (N=1) | Amount: 20834.000000
Gen #180: 2026-09-29 (N=2) | Amount: 20834.000000
Gen #181: 2026-09-30 (N=3) | Amount: 20834.000000
Gen #182: 2026-10-01 (N=4) | Amount: 20834.000000
Gen #183: 2026-10-02 (N=5) | Amount: 20834.000000
Gen #184: 2026-10-03 (N=6) | Amount: 20834.000000
SKIP (Sunday): 2026-10-04
Gen #185: 2026-10-05 (N=1) | Amount: 20834.000000
Gen #186: 2026-10-06 (N=2) | Amount: 20834.000000
Gen #187: 2026-10-07 (N=3) | Amount: 20834.000000
Gen #188: 2026-10-08 (N=4) | Amount: 20834.000000
Gen #189: 2026-10-09 (N=5) | Amount: 20834.000000
Gen #190: 2026-10-10 (N=6) | Amount: 20834.000000
SKIP (Sunday): 2026-10-11
Gen #191: 2026-10-12 (N=1) | Amount: 20834.000000
Gen #192: 2026-10-13 (N=2) | Amount: 20834.000000
Gen #193: 2026-10-14 (N=3) | Amount: 20834.000000
Gen #194: 2026-10-15 (N=4) | Amount: 20834.000000
Gen #195: 2026-10-16 (N=5) | Amount: 20834.000000
Gen #196: 2026-10-17 (N=6) | Amount: 20834.000000
SKIP (Sunday): 2026-10-18
Gen #197: 2026-10-19 (N=1) | Amount: 20834.000000
Gen #198: 2026-10-20 (N=2) | Amount: 20834.000000
Gen #199: 2026-10-21 (N=3) | Amount: 20834.000000
Gen #200: 2026-10-22 (N=4) | Amount: 20834.000000
Gen #201: 2026-10-23 (N=5) | Amount: 20834.000000
Gen #202: 2026-10-24 (N=6) | Amount: 20834.000000
SKIP (Sunday): 2026-10-25
Gen #203: 2026-10-26 (N=1) | Amount: 20834.000000
Gen #204: 2026-10-27 (N=2) | Amount: 20834.000000
Gen #205: 2026-10-28 (N=3) | Amount: 20834.000000
Gen #206: 2026-10-29 (N=4) | Amount: 20834.000000
Gen #207: 2026-10-30 (N=5) | Amount: 20834.000000
Gen #208: 2026-10-31 (N=6) | Amount: 20834.000000
SKIP (Sunday): 2026-11-01
Gen #209: 2026-11-02 (N=1) | Amount: 20834.000000
Gen #210: 2026-11-03 (N=2) | Amount: 20834.000000
Gen #211: 2026-11-04 (N=3) | Amount: 20834.000000
Gen #212: 2026-11-05 (N=4) | Amount: 20834.000000
Gen #213: 2026-11-06 (N=5) | Amount: 20834.000000
Gen #214: 2026-11-07 (N=6) | Amount: 20834.000000
SKIP (Sunday): 2026-11-08
Gen #215: 2026-11-09 (N=1) | Amount: 20834.000000
Gen #216: 2026-11-10 (N=2) | Amount: 20834.000000
Gen #217: 2026-11-11 (N=3) | Amount: 20834.000000
Gen #218: 2026-11-12 (N=4) | Amount: 20834.000000
Gen #219: 2026-11-13 (N=5) | Amount: 20834.000000
Gen #220: 2026-11-14 (N=6) | Amount: 20834.000000
SKIP (Sunday): 2026-11-15
Gen #221: 2026-11-16 (N=1) | Amount: 20834.000000
Gen #222: 2026-11-17 (N=2) | Amount: 20834.000000
Gen #223: 2026-11-18 (N=3) | Amount: 20834.000000
Gen #224: 2026-11-19 (N=4) | Amount: 20834.000000
Gen #225: 2026-11-20 (N=5) | Amount: 20834.000000
Gen #226: 2026-11-21 (N=6) | Amount: 20834.000000
SKIP (Sunday): 2026-11-22
Gen #227: 2026-11-23 (N=1) | Amount: 20834.000000
Gen #228: 2026-11-24 (N=2) | Amount: 20834.000000
Gen #229: 2026-11-25 (N=3) | Amount: 20834.000000
Gen #230: 2026-11-26 (N=4) | Amount: 20834.000000
Gen #231: 2026-11-27 (N=5) | Amount: 20834.000000
Gen #232: 2026-11-28 (N=6) | Amount: 20834.000000
SKIP (Sunday): 2026-11-29
Gen #233: 2026-11-30 (N=1) | Amount: 20834.000000
Gen #234: 2026-12-01 (N=2) | Amount: 20834.000000
Gen #235: 2026-12-02 (N=3) | Amount: 20834.000000
Gen #236: 2026-12-03 (N=4) | Amount: 20834.000000
Gen #237: 2026-12-04 (N=5) | Amount: 20834.000000
Gen #238: 2026-12-05 (N=6) | Amount: 20834.000000
SKIP (Sunday): 2026-12-06
Gen #239: 2026-12-07 (N=1) | Amount: 20834.000000
Gen #240: 2026-12-08 (N=2) | Amount: 20834.000000
Gen #241: 2026-12-09 (N=3) | Amount: 20834.000000
Gen #242: 2026-12-10 (N=4) | Amount: 20834.000000
Gen #243: 2026-12-11 (N=5) | Amount: 20834.000000
Gen #244: 2026-12-12 (N=6) | Amount: 20834.000000
SKIP (Sunday): 2026-12-13
Gen #245: 2026-12-14 (N=1) | Amount: 20834.000000
Gen #246: 2026-12-15 (N=2) | Amount: 20834.000000
Gen #247: 2026-12-16 (N=3) | Amount: 20834.000000
Gen #248: 2026-12-17 (N=4) | Amount: 20834.000000
Gen #249: 2026-12-18 (N=5) | Amount: 20834.000000
Gen #250: 2026-12-19 (N=6) | Amount: 20834.000000
SKIP (Sunday): 2026-12-20
Gen #251: 2026-12-21 (N=1) | Amount: 20834.000000
Gen #252: 2026-12-22 (N=2) | Amount: 20834.000000
Gen #253: 2026-12-23 (N=3) | Amount: 20834.000000
Gen #254: 2026-12-24 (N=4) | Amount: 20834.000000
Gen #255: 2026-12-25 (N=5) | Amount: 20834.000000
Gen #256: 2026-12-26 (N=6) | Amount: 20834.000000
SKIP (Sunday): 2026-12-27
Gen #257: 2026-12-28 (N=1) | Amount: 20834.000000
Gen #258: 2026-12-29 (N=2) | Amount: 20834.000000
Gen #259: 2026-12-30 (N=3) | Amount: 20834.000000
Gen #260: 2026-12-31 (N=4) | Amount: 20834.000000
Gen #261: 2027-01-01 (N=5) | Amount: 20834.000000
Gen #262: 2027-01-02 (N=6) | Amount: 20834.000000
SKIP (Sunday): 2027-01-03
Gen #263: 2027-01-04 (N=1) | Amount: 20834.000000
Gen #264: 2027-01-05 (N=2) | Amount: 20834.000000
Gen #265: 2027-01-06 (N=3) | Amount: 20834.000000
Gen #266: 2027-01-07 (N=4) | Amount: 20834.000000
Gen #267: 2027-01-08 (N=5) | Amount: 20834.000000
Gen #268: 2027-01-09 (N=6) | Amount: 20834.000000
SKIP (Sunday): 2027-01-10
Gen #269: 2027-01-11 (N=1) | Amount: 20834.000000
Gen #270: 2027-01-12 (N=2) | Amount: 20834.000000
Gen #271: 2027-01-13 (N=3) | Amount: 20834.000000
Gen #272: 2027-01-14 (N=4) | Amount: 20834.000000
Gen #273: 2027-01-15 (N=5) | Amount: 20834.000000
Gen #274: 2027-01-16 (N=6) | Amount: 20834.000000
SKIP (Sunday): 2027-01-17
Gen #275: 2027-01-18 (N=1) | Amount: 20834.000000
Gen #276: 2027-01-19 (N=2) | Amount: 20834.000000
Gen #277: 2027-01-20 (N=3) | Amount: 20834.000000
Gen #278: 2027-01-21 (N=4) | Amount: 20834.000000
Gen #279: 2027-01-22 (N=5) | Amount: 20834.000000
Gen #280: 2027-01-23 (N=6) | Amount: 20834.000000
SKIP (Sunday): 2027-01-24
Gen #281: 2027-01-25 (N=1) | Amount: 20834.000000
Gen #282: 2027-01-26 (N=2) | Amount: 20834.000000
Gen #283: 2027-01-27 (N=3) | Amount: 20834.000000
Gen #284: 2027-01-28 (N=4) | Amount: 20834.000000
Gen #285: 2027-01-29 (N=5) | Amount: 20834.000000
Gen #286: 2027-01-30 (N=6) | Amount: 20834.000000
SKIP (Sunday): 2027-01-31
Gen #287: 2027-02-01 (N=1) | Amount: 20834.000000
Gen #288: 2027-02-02 (N=2) | Amount: 20834.000000
Gen #289: 2027-02-03 (N=3) | Amount: 20834.000000
Gen #290: 2027-02-04 (N=4) | Amount: 20834.000000
Gen #291: 2027-02-05 (N=5) | Amount: 20834.000000
Gen #292: 2027-02-06 (N=6) | Amount: 20834.000000
SKIP (Sunday): 2027-02-07
Gen #293: 2027-02-08 (N=1) | Amount: 20834.000000
Gen #294: 2027-02-09 (N=2) | Amount: 20834.000000
Gen #295: 2027-02-10 (N=3) | Amount: 20834.000000
Gen #296: 2027-02-11 (N=4) | Amount: 20834.000000
Gen #297: 2027-02-12 (N=5) | Amount: 20834.000000
Gen #298: 2027-02-13 (N=6) | Amount: 20834.000000
SKIP (Sunday): 2027-02-14
Gen #299: 2027-02-15 (N=1) | Amount: 20834.000000
Gen #300: 2027-02-16 (N=2) | Amount: 20834.000000
Gen #301: 2027-02-17 (N=3) | Amount: 20834.000000
Gen #302: 2027-02-18 (N=4) | Amount: 20834.000000
Gen #303: 2027-02-19 (N=5) | Amount: 20834.000000
Gen #304: 2027-02-20 (N=6) | Amount: 20834.000000
SKIP (Sunday): 2027-02-21
Gen #305: 2027-02-22 (N=1) | Amount: 20834.000000
Gen #306: 2027-02-23 (N=2) | Amount: 20834.000000
Gen #307: 2027-02-24 (N=3) | Amount: 20834.000000
Gen #308: 2027-02-25 (N=4) | Amount: 20834.000000
Gen #309: 2027-02-26 (N=5) | Amount: 20834.000000
Gen #310: 2027-02-27 (N=6) | Amount: 20834.000000
SKIP (Sunday): 2027-02-28
Gen #311: 2027-03-01 (N=1) | Amount: 20834.000000
Gen #312: 2027-03-02 (N=2) | Amount: 20834.000000
Gen #313: 2027-03-03 (N=3) | Amount: 20834.000000
Gen #314: 2027-03-04 (N=4) | Amount: 20834.000000
Gen #315: 2027-03-05 (N=5) | Amount: 20834.000000
Gen #316: 2027-03-06 (N=6) | Amount: 20834.000000
SKIP (Sunday): 2027-03-07
Gen #317: 2027-03-08 (N=1) | Amount: 20834.000000
Gen #318: 2027-03-09 (N=2) | Amount: 20834.000000
Gen #319: 2027-03-10 (N=3) | Amount: 20834.000000
Gen #320: 2027-03-11 (N=4) | Amount: 20834.000000
Gen #321: 2027-03-12 (N=5) | Amount: 20834.000000
Gen #322: 2027-03-13 (N=6) | Amount: 20834.000000
SKIP (Sunday): 2027-03-14
Gen #323: 2027-03-15 (N=1) | Amount: 20834.000000
Gen #324: 2027-03-16 (N=2) | Amount: 20834.000000
Gen #325: 2027-03-17 (N=3) | Amount: 20834.000000
Gen #326: 2027-03-18 (N=4) | Amount: 20834.000000
Gen #327: 2027-03-19 (N=5) | Amount: 20834.000000
Gen #328: 2027-03-20 (N=6) | Amount: 20834.000000
SKIP (Sunday): 2027-03-21
Gen #329: 2027-03-22 (N=1) | Amount: 20834.000000
Gen #330: 2027-03-23 (N=2) | Amount: 20834.000000
Gen #331: 2027-03-24 (N=3) | Amount: 20834.000000
Gen #332: 2027-03-25 (N=4) | Amount: 20834.000000
Gen #333: 2027-03-26 (N=5) | Amount: 20834.000000
Gen #334: 2027-03-27 (N=6) | Amount: 20834.000000
SKIP (Sunday): 2027-03-28
Gen #335: 2027-03-29 (N=1) | Amount: 20834.000000
Gen #336: 2027-03-30 (N=2) | Amount: 20834.000000
Gen #337: 2027-03-31 (N=3) | Amount: 20834.000000
Gen #338: 2027-04-01 (N=4) | Amount: 20834.000000
Gen #339: 2027-04-02 (N=5) | Amount: 20834.000000
Gen #340: 2027-04-03 (N=6) | Amount: 20834.000000
SKIP (Sunday): 2027-04-04
Gen #341: 2027-04-05 (N=1) | Amount: 20834.000000
Gen #342: 2027-04-06 (N=2) | Amount: 20834.000000
Gen #343: 2027-04-07 (N=3) | Amount: 20834.000000
Gen #344: 2027-04-08 (N=4) | Amount: 20834.000000
Gen #345: 2027-04-09 (N=5) | Amount: 20834.000000
Gen #346: 2027-04-10 (N=6) | Amount: 20834.000000
SKIP (Sunday): 2027-04-11
Gen #347: 2027-04-12 (N=1) | Amount: 20834.000000
Gen #348: 2027-04-13 (N=2) | Amount: 20834.000000
Gen #349: 2027-04-14 (N=3) | Amount: 20834.000000
Gen #350: 2027-04-15 (N=4) | Amount: 20834.000000
Gen #351: 2027-04-16 (N=5) | Amount: 20834.000000
Gen #352: 2027-04-17 (N=6) | Amount: 20834.000000
SKIP (Sunday): 2027-04-18
Gen #353: 2027-04-19 (N=1) | Amount: 20834.000000
Gen #354: 2027-04-20 (N=2) | Amount: 20834.000000
Gen #355: 2027-04-21 (N=3) | Amount: 20834.000000
Gen #356: 2027-04-22 (N=4) | Amount: 20834.000000
Gen #357: 2027-04-23 (N=5) | Amount: 20834.000000
Gen #358: 2027-04-24 (N=6) | Amount: 20834.000000
SKIP (Sunday): 2027-04-25
Gen #359: 2027-04-26 (N=1) | Amount: 20834.000000
Gen #360: 2027-04-27 (N=2) | Amount: 20834.000000
Gen #361: 2027-04-28 (N=3) | Amount: 20834.000000
Gen #362: 2027-04-29 (N=4) | Amount: 20834.000000
Gen #363: 2027-04-30 (N=5) | Amount: 20834.000000
Gen #364: 2027-05-01 (N=6) | Amount: 20834.000000
SKIP (Sunday): 2027-05-02
Gen #365: 2027-05-03 (N=1) | Amount: 20834.000000
Gen #366: 2027-05-04 (N=2) | Amount: 20834.000000
Gen #367: 2027-05-05 (N=3) | Amount: 20834.000000
Gen #368: 2027-05-06 (N=4) | Amount: 20834.000000
Gen #369: 2027-05-07 (N=5) | Amount: 20834.000000
Gen #370: 2027-05-08 (N=6) | Amount: 20834.000000
SKIP (Sunday): 2027-05-09
Gen #371: 2027-05-10 (N=1) | Amount: 20834.000000
Gen #372: 2027-05-11 (N=2) | Amount: 20834.000000
Gen #373: 2027-05-12 (N=3) | Amount: 20834.000000
Gen #374: 2027-05-13 (N=4) | Amount: 20834.000000
Gen #375: 2027-05-14 (N=5) | Amount: 20834.000000
Gen #376: 2027-05-15 (N=6) | Amount: 20834.000000
SKIP (Sunday): 2027-05-16
Gen #377: 2027-05-17 (N=1) | Amount: 20834.000000
Gen #378: 2027-05-18 (N=2) | Amount: 20834.000000
Gen #379: 2027-05-19 (N=3) | Amount: 20834.000000
Gen #380: 2027-05-20 (N=4) | Amount: 20834.000000
Gen #381: 2027-05-21 (N=5) | Amount: 20834.000000
Gen #382: 2027-05-22 (N=6) | Amount: 20834.000000
SKIP (Sunday): 2027-05-23
Gen #383: 2027-05-24 (N=1) | Amount: 20834.000000
Gen #384: 2027-05-25 (N=2) | Amount: 20834.000000
Gen #385: 2027-05-26 (N=3) | Amount: 20834.000000
Gen #386: 2027-05-27 (N=4) | Amount: 20834.000000
Gen #387: 2027-05-28 (N=5) | Amount: 20834.000000
Gen #388: 2027-05-29 (N=6) | Amount: 20834.000000
SKIP (Sunday): 2027-05-30
Gen #389: 2027-05-31 (N=1) | Amount: 20834.000000
Gen #390: 2027-06-01 (N=2) | Amount: 20834.000000
Gen #391: 2027-06-02 (N=3) | Amount: 20834.000000
Gen #392: 2027-06-03 (N=4) | Amount: 20834.000000
Gen #393: 2027-06-04 (N=5) | Amount: 20834.000000
Gen #394: 2027-06-05 (N=6) | Amount: 20834.000000
SKIP (Sunday): 2027-06-06
Gen #395: 2027-06-07 (N=1) | Amount: 20834.000000
Gen #396: 2027-06-08 (N=2) | Amount: 20834.000000
Gen #397: 2027-06-09 (N=3) | Amount: 20834.000000
Gen #398: 2027-06-10 (N=4) | Amount: 20834.000000
Gen #399: 2027-06-11 (N=5) | Amount: 20834.000000
Gen #400: 2027-06-12 (N=6) | Amount: 20834.000000
SKIP (Sunday): 2027-06-13
Gen #401: 2027-06-14 (N=1) | Amount: 20834.000000
Gen #402: 2027-06-15 (N=2) | Amount: 20834.000000
Gen #403: 2027-06-16 (N=3) | Amount: 20834.000000
Gen #404: 2027-06-17 (N=4) | Amount: 20834.000000
Gen #405: 2027-06-18 (N=5) | Amount: 20834.000000
Gen #406: 2027-06-19 (N=6) | Amount: 20834.000000
SKIP (Sunday): 2027-06-20
Gen #407: 2027-06-21 (N=1) | Amount: 20834.000000
Gen #408: 2027-06-22 (N=2) | Amount: 20834.000000
Gen #409: 2027-06-23 (N=3) | Amount: 20834.000000
Gen #410: 2027-06-24 (N=4) | Amount: 20834.000000
Gen #411: 2027-06-25 (N=5) | Amount: 20834.000000
Gen #412: 2027-06-26 (N=6) | Amount: 20834.000000
SKIP (Sunday): 2027-06-27
Gen #413: 2027-06-28 (N=1) | Amount: 20834.000000
Gen #414: 2027-06-29 (N=2) | Amount: 20834.000000
Gen #415: 2027-06-30 (N=3) | Amount: 20834.000000
Gen #416: 2027-07-01 (N=4) | Amount: 20834.000000
Gen #417: 2027-07-02 (N=5) | Amount: 20834.000000
Gen #418: 2027-07-03 (N=6) | Amount: 20834.000000
SKIP (Sunday): 2027-07-04
Gen #419: 2027-07-05 (N=1) | Amount: 20834.000000
Gen #420: 2027-07-06 (N=2) | Amount: 20834.000000
Gen #421: 2027-07-07 (N=3) | Amount: 20834.000000
Gen #422: 2027-07-08 (N=4) | Amount: 20834.000000
Gen #423: 2027-07-09 (N=5) | Amount: 20834.000000
Gen #424: 2027-07-10 (N=6) | Amount: 20834.000000
SKIP (Sunday): 2027-07-11
Gen #425: 2027-07-12 (N=1) | Amount: 20834.000000
Gen #426: 2027-07-13 (N=2) | Amount: 20834.000000
Gen #427: 2027-07-14 (N=3) | Amount: 20834.000000
Gen #428: 2027-07-15 (N=4) | Amount: 20834.000000
Gen #429: 2027-07-16 (N=5) | Amount: 20834.000000
Gen #430: 2027-07-17 (N=6) | Amount: 20834.000000
SKIP (Sunday): 2027-07-18
Gen #431: 2027-07-19 (N=1) | Amount: 20834.000000
Gen #432: 2027-07-20 (N=2) | Amount: 20834.000000
Gen #433: 2027-07-21 (N=3) | Amount: 20834.000000
Gen #434: 2027-07-22 (N=4) | Amount: 20834.000000
Gen #435: 2027-07-23 (N=5) | Amount: 20834.000000
Gen #436: 2027-07-24 (N=6) | Amount: 20834.000000
SKIP (Sunday): 2027-07-25
Gen #437: 2027-07-26 (N=1) | Amount: 20834.000000
Gen #438: 2027-07-27 (N=2) | Amount: 20834.000000
Gen #439: 2027-07-28 (N=3) | Amount: 20834.000000
Gen #440: 2027-07-29 (N=4) | Amount: 20834.000000
Gen #441: 2027-07-30 (N=5) | Amount: 20834.000000
Gen #442: 2027-07-31 (N=6) | Amount: 20834.000000
SKIP (Sunday): 2027-08-01
Gen #443: 2027-08-02 (N=1) | Amount: 20834.000000
Gen #444: 2027-08-03 (N=2) | Amount: 20834.000000
Gen #445: 2027-08-04 (N=3) | Amount: 20834.000000
Gen #446: 2027-08-05 (N=4) | Amount: 20834.000000
Gen #447: 2027-08-06 (N=5) | Amount: 20834.000000
Gen #448: 2027-08-07 (N=6) | Amount: 20834.000000
SKIP (Sunday): 2027-08-08
Gen #449: 2027-08-09 (N=1) | Amount: 20834.000000
Gen #450: 2027-08-10 (N=2) | Amount: 20834.000000
Gen #451: 2027-08-11 (N=3) | Amount: 20834.000000
Gen #452: 2027-08-12 (N=4) | Amount: 20834.000000
Gen #453: 2027-08-13 (N=5) | Amount: 20834.000000
Gen #454: 2027-08-14 (N=6) | Amount: 20834.000000
SKIP (Sunday): 2027-08-15
Gen #455: 2027-08-16 (N=1) | Amount: 20834.000000
Gen #456: 2027-08-17 (N=2) | Amount: 20834.000000
Gen #457: 2027-08-18 (N=3) | Amount: 20834.000000
Gen #458: 2027-08-19 (N=4) | Amount: 20834.000000
Gen #459: 2027-08-20 (N=5) | Amount: 20834.000000
Gen #460: 2027-08-21 (N=6) | Amount: 20834.000000
SKIP (Sunday): 2027-08-22
Gen #461: 2027-08-23 (N=1) | Amount: 20834.000000
Gen #462: 2027-08-24 (N=2) | Amount: 20834.000000
Gen #463: 2027-08-25 (N=3) | Amount: 20834.000000
Gen #464: 2027-08-26 (N=4) | Amount: 20834.000000
Gen #465: 2027-08-27 (N=5) | Amount: 20834.000000
Gen #466: 2027-08-28 (N=6) | Amount: 20834.000000
SKIP (Sunday): 2027-08-29
Gen #467: 2027-08-30 (N=1) | Amount: 20834.000000
Gen #468: 2027-08-31 (N=2) | Amount: 20834.000000
Gen #469: 2027-09-01 (N=3) | Amount: 20834.000000
Gen #470: 2027-09-02 (N=4) | Amount: 20834.000000
Gen #471: 2027-09-03 (N=5) | Amount: 20834.000000
Gen #472: 2027-09-04 (N=6) | Amount: 20834.000000
SKIP (Sunday): 2027-09-05
Gen #473: 2027-09-06 (N=1) | Amount: 20834.000000
Gen #474: 2027-09-07 (N=2) | Amount: 20834.000000
Gen #475: 2027-09-08 (N=3) | Amount: 20834.000000
Gen #476: 2027-09-09 (N=4) | Amount: 20834.000000
Gen #477: 2027-09-10 (N=5) | Amount: 20834.000000
Gen #478: 2027-09-11 (N=6) | Amount: 20834.000000
SKIP (Sunday): 2027-09-12
Gen #479: 2027-09-13 (N=1) | Amount: 20834.000000
Gen #480: 2027-09-14 (N=2) | Amount: 20834.000000
Gen #481: 2027-09-15 (N=3) | Amount: 20834.000000
Gen #482: 2027-09-16 (N=4) | Amount: 20834.000000
Gen #483: 2027-09-17 (N=5) | Amount: 20834.000000
Gen #484: 2027-09-18 (N=6) | Amount: 20834.000000
SKIP (Sunday): 2027-09-19
Gen #485: 2027-09-20 (N=1) | Amount: 20834.000000
Gen #486: 2027-09-21 (N=2) | Amount: 20834.000000
Gen #487: 2027-09-22 (N=3) | Amount: 20834.000000
Gen #488: 2027-09-23 (N=4) | Amount: 20834.000000
Gen #489: 2027-09-24 (N=5) | Amount: 20834.000000
Gen #490: 2027-09-25 (N=6) | Amount: 20834.000000
SKIP (Sunday): 2027-09-26
Gen #491: 2027-09-27 (N=1) | Amount: 20834.000000
Gen #492: 2027-09-28 (N=2) | Amount: 20834.000000
Gen #493: 2027-09-29 (N=3) | Amount: 20834.000000
Gen #494: 2027-09-30 (N=4) | Amount: 20834.000000
Gen #495: 2027-10-01 (N=5) | Amount: 20834.000000
Gen #496: 2027-10-02 (N=6) | Amount: 20834.000000
SKIP (Sunday): 2027-10-03
Gen #497: 2027-10-04 (N=1) | Amount: 20834.000000
Gen #498: 2027-10-05 (N=2) | Amount: 20834.000000
Gen #499: 2027-10-06 (N=3) | Amount: 20834.000000
Gen #500: 2027-10-07 (N=4) | Amount: 20834.000000
Gen #501: 2027-10-08 (N=5) | Amount: 20834.000000
Gen #502: 2027-10-09 (N=6) | Amount: 20834.000000
SKIP (Sunday): 2027-10-10
Gen #503: 2027-10-11 (N=1) | Amount: 20834.000000
Gen #504: 2027-10-12 (N=2) | Amount: 20834.000000
Gen #505: 2027-10-13 (N=3) | Amount: 20834.000000
Gen #506: 2027-10-14 (N=4) | Amount: 20834.000000
Gen #507: 2027-10-15 (N=5) | Amount: 20834.000000
Gen #508: 2027-10-16 (N=6) | Amount: 20834.000000
SKIP (Sunday): 2027-10-17
Gen #509: 2027-10-18 (N=1) | Amount: 20834.000000
Gen #510: 2027-10-19 (N=2) | Amount: 20834.000000
Gen #511: 2027-10-20 (N=3) | Amount: 20834.000000
Gen #512: 2027-10-21 (N=4) | Amount: 20834.000000
Gen #513: 2027-10-22 (N=5) | Amount: 20834.000000
Gen #514: 2027-10-23 (N=6) | Amount: 20834.000000
SKIP (Sunday): 2027-10-24
Gen #515: 2027-10-25 (N=1) | Amount: 20834.000000
Gen #516: 2027-10-26 (N=2) | Amount: 20834.000000
Gen #517: 2027-10-27 (N=3) | Amount: 20834.000000
Gen #518: 2027-10-28 (N=4) | Amount: 20834.000000
Gen #519: 2027-10-29 (N=5) | Amount: 20834.000000
Gen #520: 2027-10-30 (N=6) | Amount: 20834.000000
SKIP (Sunday): 2027-10-31
Gen #521: 2027-11-01 (N=1) | Amount: 20834.000000
Gen #522: 2027-11-02 (N=2) | Amount: 20834.000000
Gen #523: 2027-11-03 (N=3) | Amount: 20834.000000
Gen #524: 2027-11-04 (N=4) | Amount: 20834.000000
Gen #525: 2027-11-05 (N=5) | Amount: 20834.000000
Gen #526: 2027-11-06 (N=6) | Amount: 20834.000000
SKIP (Sunday): 2027-11-07
Gen #527: 2027-11-08 (N=1) | Amount: 20834.000000
Gen #528: 2027-11-09 (N=2) | Amount: 20834.000000
Gen #529: 2027-11-10 (N=3) | Amount: 20834.000000
Gen #530: 2027-11-11 (N=4) | Amount: 20834.000000
Gen #531: 2027-11-12 (N=5) | Amount: 20834.000000
Gen #532: 2027-11-13 (N=6) | Amount: 20834.000000
SKIP (Sunday): 2027-11-14
Gen #533: 2027-11-15 (N=1) | Amount: 20834.000000
Gen #534: 2027-11-16 (N=2) | Amount: 20834.000000
Gen #535: 2027-11-17 (N=3) | Amount: 20834.000000
Gen #536: 2027-11-18 (N=4) | Amount: 20834.000000
Gen #537: 2027-11-19 (N=5) | Amount: 20834.000000
Gen #538: 2027-11-20 (N=6) | Amount: 20834.000000
SKIP (Sunday): 2027-11-21
Gen #539: 2027-11-22 (N=1) | Amount: 20834.000000
Gen #540: 2027-11-23 (N=2) | Amount: 20834.000000
Gen #541: 2027-11-24 (N=3) | Amount: 20834.000000
Gen #542: 2027-11-25 (N=4) | Amount: 20834.000000
Gen #543: 2027-11-26 (N=5) | Amount: 20834.000000
Gen #544: 2027-11-27 (N=6) | Amount: 20834.000000
SKIP (Sunday): 2027-11-28
Gen #545: 2027-11-29 (N=1) | Amount: 20834.000000
Gen #546: 2027-11-30 (N=2) | Amount: 20834.000000
Gen #547: 2027-12-01 (N=3) | Amount: 20834.000000
Gen #548: 2027-12-02 (N=4) | Amount: 20834.000000
Gen #549: 2027-12-03 (N=5) | Amount: 20834.000000
Gen #550: 2027-12-04 (N=6) | Amount: 20834.000000
SKIP (Sunday): 2027-12-05
Gen #551: 2027-12-06 (N=1) | Amount: 20834.000000
Gen #552: 2027-12-07 (N=2) | Amount: 20834.000000
Gen #553: 2027-12-08 (N=3) | Amount: 20834.000000
Gen #554: 2027-12-09 (N=4) | Amount: 20834.000000
Gen #555: 2027-12-10 (N=5) | Amount: 20834.000000
Gen #556: 2027-12-11 (N=6) | Amount: 20834.000000
SKIP (Sunday): 2027-12-12
Gen #557: 2027-12-13 (N=1) | Amount: 20834.000000
Gen #558: 2027-12-14 (N=2) | Amount: 20834.000000
Gen #559: 2027-12-15 (N=3) | Amount: 20834.000000
Gen #560: 2027-12-16 (N=4) | Amount: 20834.000000
Gen #561: 2027-12-17 (N=5) | Amount: 20834.000000
Gen #562: 2027-12-18 (N=6) | Amount: 20834.000000
SKIP (Sunday): 2027-12-19
Gen #563: 2027-12-20 (N=1) | Amount: 20834.000000
Gen #564: 2027-12-21 (N=2) | Amount: 20834.000000
Gen #565: 2027-12-22 (N=3) | Amount: 20834.000000
Gen #566: 2027-12-23 (N=4) | Amount: 20834.000000
Gen #567: 2027-12-24 (N=5) | Amount: 20834.000000
Gen #568: 2027-12-25 (N=6) | Amount: 20834.000000
SKIP (Sunday): 2027-12-26
Gen #569: 2027-12-27 (N=1) | Amount: 20834.000000
Gen #570: 2027-12-28 (N=2) | Amount: 20834.000000
Gen #571: 2027-12-29 (N=3) | Amount: 20834.000000
Gen #572: 2027-12-30 (N=4) | Amount: 20834.000000
Gen #573: 2027-12-31 (N=5) | Amount: 20834.000000
Gen #574: 2028-01-01 (N=6) | Amount: 20834.000000
SKIP (Sunday): 2028-01-02
Gen #575: 2028-01-03 (N=1) | Amount: 20834.000000
Gen #576: 2028-01-04 (N=2) | Amount: 20834.000000
Gen #577: 2028-01-05 (N=3) | Amount: 20834.000000
Gen #578: 2028-01-06 (N=4) | Amount: 20834.000000
Gen #579: 2028-01-07 (N=5) | Amount: 20834.000000
Gen #580: 2028-01-08 (N=6) | Amount: 20834.000000
SKIP (Sunday): 2028-01-09
Gen #581: 2028-01-10 (N=1) | Amount: 20834.000000
Gen #582: 2028-01-11 (N=2) | Amount: 20834.000000
Gen #583: 2028-01-12 (N=3) | Amount: 20834.000000
Gen #584: 2028-01-13 (N=4) | Amount: 20834.000000
Gen #585: 2028-01-14 (N=5) | Amount: 20834.000000
Gen #586: 2028-01-15 (N=6) | Amount: 20834.000000
SKIP (Sunday): 2028-01-16
Gen #587: 2028-01-17 (N=1) | Amount: 20834.000000
Gen #588: 2028-01-18 (N=2) | Amount: 20834.000000
Gen #589: 2028-01-19 (N=3) | Amount: 20834.000000
Gen #590: 2028-01-20 (N=4) | Amount: 20834.000000
Gen #591: 2028-01-21 (N=5) | Amount: 20834.000000
Gen #592: 2028-01-22 (N=6) | Amount: 20834.000000
SKIP (Sunday): 2028-01-23
Gen #593: 2028-01-24 (N=1) | Amount: 20834.000000
Gen #594: 2028-01-25 (N=2) | Amount: 20834.000000
Gen #595: 2028-01-26 (N=3) | Amount: 20834.000000
Gen #596: 2028-01-27 (N=4) | Amount: 20834.000000
Gen #597: 2028-01-28 (N=5) | Amount: 20834.000000
Gen #598: 2028-01-29 (N=6) | Amount: 20834.000000
SKIP (Sunday): 2028-01-30
Gen #599: 2028-01-31 (N=1) | Amount: 20834.000000
Gen #600: 2028-02-01 (N=2) | Amount: 20834.000000
Gen #601: 2028-02-02 (N=3) | Amount: 20834.000000
Gen #602: 2028-02-03 (N=4) | Amount: 20834.000000
Gen #603: 2028-02-04 (N=5) | Amount: 20834.000000
Gen #604: 2028-02-05 (N=6) | Amount: 20834.000000
SKIP (Sunday): 2028-02-06
Gen #605: 2028-02-07 (N=1) | Amount: 20834.000000
Gen #606: 2028-02-08 (N=2) | Amount: 20834.000000
Gen #607: 2028-02-09 (N=3) | Amount: 20834.000000
Gen #608: 2028-02-10 (N=4) | Amount: 20834.000000
Gen #609: 2028-02-11 (N=5) | Amount: 20834.000000
Gen #610: 2028-02-12 (N=6) | Amount: 20834.000000
SKIP (Sunday): 2028-02-13
Gen #611: 2028-02-14 (N=1) | Amount: 20834.000000
Gen #612: 2028-02-15 (N=2) | Amount: 20834.000000
Gen #613: 2028-02-16 (N=3) | Amount: 20834.000000
Gen #614: 2028-02-17 (N=4) | Amount: 20834.000000
Gen #615: 2028-02-18 (N=5) | Amount: 20834.000000
Gen #616: 2028-02-19 (N=6) | Amount: 20834.000000
SKIP (Sunday): 2028-02-20
Gen #617: 2028-02-21 (N=1) | Amount: 20834.000000
Gen #618: 2028-02-22 (N=2) | Amount: 20834.000000
Gen #619: 2028-02-23 (N=3) | Amount: 20834.000000
Gen #620: 2028-02-24 (N=4) | Amount: 20834.000000
Gen #621: 2028-02-25 (N=5) | Amount: 20834.000000
Gen #622: 2028-02-26 (N=6) | Amount: 20834.000000
SKIP (Sunday): 2028-02-27
Gen #623: 2028-02-28 (N=1) | Amount: 20834.000000
Gen #624: 2028-02-29 (N=2) | Amount: 20834.000000
Gen #625: 2028-03-01 (N=3) | Amount: 20834.000000
Gen #626: 2028-03-02 (N=4) | Amount: 20834.000000
Gen #627: 2028-03-03 (N=5) | Amount: 20834.000000
Gen #628: 2028-03-04 (N=6) | Amount: 20834.000000
SKIP (Sunday): 2028-03-05
Gen #629: 2028-03-06 (N=1) | Amount: 20834.000000
Gen #630: 2028-03-07 (N=2) | Amount: 20834.000000
Gen #631: 2028-03-08 (N=3) | Amount: 20834.000000
Gen #632: 2028-03-09 (N=4) | Amount: 20834.000000
Gen #633: 2028-03-10 (N=5) | Amount: 20834.000000
Gen #634: 2028-03-11 (N=6) | Amount: 20834.000000
SKIP (Sunday): 2028-03-12
Gen #635: 2028-03-13 (N=1) | Amount: 20834.000000
Gen #636: 2028-03-14 (N=2) | Amount: 20834.000000
Gen #637: 2028-03-15 (N=3) | Amount: 20834.000000
Gen #638: 2028-03-16 (N=4) | Amount: 20834.000000
Gen #639: 2028-03-17 (N=5) | Amount: 20834.000000
Gen #640: 2028-03-18 (N=6) | Amount: 20834.000000
SKIP (Sunday): 2028-03-19
Gen #641: 2028-03-20 (N=1) | Amount: 20834.000000
Gen #642: 2028-03-21 (N=2) | Amount: 20834.000000
Gen #643: 2028-03-22 (N=3) | Amount: 20834.000000
Gen #644: 2028-03-23 (N=4) | Amount: 20834.000000
Gen #645: 2028-03-24 (N=5) | Amount: 20834.000000
Gen #646: 2028-03-25 (N=6) | Amount: 20834.000000
SKIP (Sunday): 2028-03-26
Gen #647: 2028-03-27 (N=1) | Amount: 20834.000000
Gen #648: 2028-03-28 (N=2) | Amount: 20834.000000
Gen #649: 2028-03-29 (N=3) | Amount: 20834.000000
Gen #650: 2028-03-30 (N=4) | Amount: 20834.000000
Gen #651: 2028-03-31 (N=5) | Amount: 20834.000000
Gen #652: 2028-04-01 (N=6) | Amount: 20834.000000
SKIP (Sunday): 2028-04-02
Gen #653: 2028-04-03 (N=1) | Amount: 20834.000000
Gen #654: 2028-04-04 (N=2) | Amount: 20834.000000
Gen #655: 2028-04-05 (N=3) | Amount: 20834.000000
Gen #656: 2028-04-06 (N=4) | Amount: 20834.000000
Gen #657: 2028-04-07 (N=5) | Amount: 20834.000000
Gen #658: 2028-04-08 (N=6) | Amount: 20834.000000
SKIP (Sunday): 2028-04-09
Gen #659: 2028-04-10 (N=1) | Amount: 20834.000000
Gen #660: 2028-04-11 (N=2) | Amount: 20834.000000
Gen #661: 2028-04-12 (N=3) | Amount: 20834.000000
Gen #662: 2028-04-13 (N=4) | Amount: 20834.000000
Gen #663: 2028-04-14 (N=5) | Amount: 20834.000000
Gen #664: 2028-04-15 (N=6) | Amount: 20834.000000
SKIP (Sunday): 2028-04-16
Gen #665: 2028-04-17 (N=1) | Amount: 20834.000000
Gen #666: 2028-04-18 (N=2) | Amount: 20834.000000
Gen #667: 2028-04-19 (N=3) | Amount: 20834.000000
Gen #668: 2028-04-20 (N=4) | Amount: 20834.000000
Gen #669: 2028-04-21 (N=5) | Amount: 20834.000000
Gen #670: 2028-04-22 (N=6) | Amount: 20834.000000
SKIP (Sunday): 2028-04-23
Gen #671: 2028-04-24 (N=1) | Amount: 20834.000000
Gen #672: 2028-04-25 (N=2) | Amount: 20834.000000
Gen #673: 2028-04-26 (N=3) | Amount: 20834.000000
Gen #674: 2028-04-27 (N=4) | Amount: 20834.000000
Gen #675: 2028-04-28 (N=5) | Amount: 20834.000000
Gen #676: 2028-04-29 (N=6) | Amount: 20834.000000
SKIP (Sunday): 2028-04-30
Gen #677: 2028-05-01 (N=1) | Amount: 20834.000000
Gen #678: 2028-05-02 (N=2) | Amount: 20834.000000
Gen #679: 2028-05-03 (N=3) | Amount: 20834.000000
Gen #680: 2028-05-04 (N=4) | Amount: 20834.000000
Gen #681: 2028-05-05 (N=5) | Amount: 20834.000000
Gen #682: 2028-05-06 (N=6) | Amount: 20834.000000
SKIP (Sunday): 2028-05-07
Gen #683: 2028-05-08 (N=1) | Amount: 20834.000000
Gen #684: 2028-05-09 (N=2) | Amount: 20834.000000
Gen #685: 2028-05-10 (N=3) | Amount: 20834.000000
Gen #686: 2028-05-11 (N=4) | Amount: 20834.000000
Gen #687: 2028-05-12 (N=5) | Amount: 20834.000000
Gen #688: 2028-05-13 (N=6) | Amount: 20834.000000
SKIP (Sunday): 2028-05-14
Gen #689: 2028-05-15 (N=1) | Amount: 20834.000000
Gen #690: 2028-05-16 (N=2) | Amount: 20834.000000
Gen #691: 2028-05-17 (N=3) | Amount: 20834.000000
Gen #692: 2028-05-18 (N=4) | Amount: 20834.000000
Gen #693: 2028-05-19 (N=5) | Amount: 20834.000000
Gen #694: 2028-05-20 (N=6) | Amount: 20834.000000
SKIP (Sunday): 2028-05-21
Gen #695: 2028-05-22 (N=1) | Amount: 20834.000000
Gen #696: 2028-05-23 (N=2) | Amount: 20834.000000
Gen #697: 2028-05-24 (N=3) | Amount: 20834.000000
Gen #698: 2028-05-25 (N=4) | Amount: 20834.000000
Gen #699: 2028-05-26 (N=5) | Amount: 20834.000000
Gen #700: 2028-05-27 (N=6) | Amount: 20834.000000
SKIP (Sunday): 2028-05-28
Gen #701: 2028-05-29 (N=1) | Amount: 20834.000000
Gen #702: 2028-05-30 (N=2) | Amount: 20834.000000
Gen #703: 2028-05-31 (N=3) | Amount: 20834.000000
Gen #704: 2028-06-01 (N=4) | Amount: 20834.000000
Gen #705: 2028-06-02 (N=5) | Amount: 20834.000000
Gen #706: 2028-06-03 (N=6) | Amount: 20834.000000
SKIP (Sunday): 2028-06-04
Gen #707: 2028-06-05 (N=1) | Amount: 20834.000000
Gen #708: 2028-06-06 (N=2) | Amount: 20834.000000
Gen #709: 2028-06-07 (N=3) | Amount: 20834.000000
Gen #710: 2028-06-08 (N=4) | Amount: 20834.000000
Gen #711: 2028-06-09 (N=5) | Amount: 20834.000000
Gen #712: 2028-06-10 (N=6) | Amount: 20834.000000
SKIP (Sunday): 2028-06-11
Gen #713: 2028-06-12 (N=1) | Amount: 20834.000000
Gen #714: 2028-06-13 (N=2) | Amount: 20834.000000
Gen #715: 2028-06-14 (N=3) | Amount: 20834.000000
Gen #716: 2028-06-15 (N=4) | Amount: 20834.000000
Gen #717: 2028-06-16 (N=5) | Amount: 20834.000000
Gen #718: 2028-06-17 (N=6) | Amount: 20834.000000
SKIP (Sunday): 2028-06-18
Gen #719: 2028-06-19 (N=1) | Amount: 20834.000000
Gen #720: 2028-06-20 (N=2) | Amount: 20834.000000
Gen #721: 2028-06-21 (N=3) | Amount: 20834.000000
Gen #722: 2028-06-22 (N=4) | Amount: 20834.000000
Gen #723: 2028-06-23 (N=5) | Amount: 20834.000000
Gen #724: 2028-06-24 (N=6) | Amount: 20834.000000
SKIP (Sunday): 2028-06-25
Gen #725: 2028-06-26 (N=1) | Amount: 20834.000000
Gen #726: 2028-06-27 (N=2) | Amount: 20834.000000
Gen #727: 2028-06-28 (N=3) | Amount: 20834.000000
Gen #728: 2028-06-29 (N=4) | Amount: 20834.000000
Gen #729: 2028-06-30 (N=5) | Amount: 20834.000000
Gen #730: 2028-07-01 (N=6) | Amount: 20834.000000
SKIP (Sunday): 2028-07-02
Gen #731: 2028-07-03 (N=1) | Amount: 20834.000000
Gen #732: 2028-07-04 (N=2) | Amount: 20834.000000
Gen #733: 2028-07-05 (N=3) | Amount: 20834.000000
Gen #734: 2028-07-06 (N=4) | Amount: 20834.000000
Gen #735: 2028-07-07 (N=5) | Amount: 20834.000000
Gen #736: 2028-07-08 (N=6) | Amount: 20834.000000
SKIP (Sunday): 2028-07-09
Gen #737: 2028-07-10 (N=1) | Amount: 20834.000000
Gen #738: 2028-07-11 (N=2) | Amount: 20834.000000
Gen #739: 2028-07-12 (N=3) | Amount: 20834.000000
Gen #740: 2028-07-13 (N=4) | Amount: 20834.000000
Gen #741: 2028-07-14 (N=5) | Amount: 20834.000000
Gen #742: 2028-07-15 (N=6) | Amount: 20834.000000
SKIP (Sunday): 2028-07-16
Gen #743: 2028-07-17 (N=1) | Amount: 20834.000000
Gen #744: 2028-07-18 (N=2) | Amount: 20834.000000
Gen #745: 2028-07-19 (N=3) | Amount: 20834.000000
Gen #746: 2028-07-20 (N=4) | Amount: 20834.000000
Gen #747: 2028-07-21 (N=5) | Amount: 20834.000000
Gen #748: 2028-07-22 (N=6) | Amount: 20834.000000
SKIP (Sunday): 2028-07-23
Gen #749: 2028-07-24 (N=1) | Amount: 20834.000000
Gen #750: 2028-07-25 (N=2) | Amount: 20834.000000
Gen #751: 2028-07-26 (N=3) | Amount: 20834.000000
Gen #752: 2028-07-27 (N=4) | Amount: 20834.000000
Gen #753: 2028-07-28 (N=5) | Amount: 20834.000000
Gen #754: 2028-07-29 (N=6) | Amount: 20834.000000
SKIP (Sunday): 2028-07-30
Gen #755: 2028-07-31 (N=1) | Amount: 20834.000000
Gen #756: 2028-08-01 (N=2) | Amount: 20834.000000
Gen #757: 2028-08-02 (N=3) | Amount: 20834.000000
Gen #758: 2028-08-03 (N=4) | Amount: 20834.000000
Gen #759: 2028-08-04 (N=5) | Amount: 20834.000000
Gen #760: 2028-08-05 (N=6) | Amount: 20834.000000
SKIP (Sunday): 2028-08-06
Gen #761: 2028-08-07 (N=1) | Amount: 20834.000000
Gen #762: 2028-08-08 (N=2) | Amount: 20834.000000
Gen #763: 2028-08-09 (N=3) | Amount: 20834.000000
Gen #764: 2028-08-10 (N=4) | Amount: 20834.000000
Gen #765: 2028-08-11 (N=5) | Amount: 20834.000000
Gen #766: 2028-08-12 (N=6) | Amount: 20834.000000
SKIP (Sunday): 2028-08-13
Gen #767: 2028-08-14 (N=1) | Amount: 20834.000000
Gen #768: 2028-08-15 (N=2) | Amount: 20834.000000
Gen #769: 2028-08-16 (N=3) | Amount: 20834.000000
Gen #770: 2028-08-17 (N=4) | Amount: 20834.000000
Gen #771: 2028-08-18 (N=5) | Amount: 20834.000000
Gen #772: 2028-08-19 (N=6) | Amount: 20834.000000
SKIP (Sunday): 2028-08-20
Gen #773: 2028-08-21 (N=1) | Amount: 20834.000000
Gen #774: 2028-08-22 (N=2) | Amount: 20834.000000
Gen #775: 2028-08-23 (N=3) | Amount: 20834.000000
Gen #776: 2028-08-24 (N=4) | Amount: 20834.000000
Gen #777: 2028-08-25 (N=5) | Amount: 20834.000000
Gen #778: 2028-08-26 (N=6) | Amount: 20834.000000
SKIP (Sunday): 2028-08-27
Gen #779: 2028-08-28 (N=1) | Amount: 20834.000000
Gen #780: 2028-08-29 (N=2) | Amount: 20834.000000
Gen #781: 2028-08-30 (N=3) | Amount: 20834.000000
Gen #782: 2028-08-31 (N=4) | Amount: 20834.000000
Gen #783: 2028-09-01 (N=5) | Amount: 20834.000000
Gen #784: 2028-09-02 (N=6) | Amount: 20834.000000
SKIP (Sunday): 2028-09-03
Gen #785: 2028-09-04 (N=1) | Amount: 20834.000000
Gen #786: 2028-09-05 (N=2) | Amount: 20834.000000
Gen #787: 2028-09-06 (N=3) | Amount: 20834.000000
Gen #788: 2028-09-07 (N=4) | Amount: 20834.000000
Gen #789: 2028-09-08 (N=5) | Amount: 20834.000000
Gen #790: 2028-09-09 (N=6) | Amount: 20834.000000
SKIP (Sunday): 2028-09-10
Gen #791: 2028-09-11 (N=1) | Amount: 20834.000000
Gen #792: 2028-09-12 (N=2) | Amount: 20834.000000
Gen #793: 2028-09-13 (N=3) | Amount: 20834.000000
Gen #794: 2028-09-14 (N=4) | Amount: 20834.000000
Gen #795: 2028-09-15 (N=5) | Amount: 20834.000000
Gen #796: 2028-09-16 (N=6) | Amount: 20834.000000
SKIP (Sunday): 2028-09-17
Gen #797: 2028-09-18 (N=1) | Amount: 20834.000000
Gen #798: 2028-09-19 (N=2) | Amount: 20834.000000
Gen #799: 2028-09-20 (N=3) | Amount: 20834.000000
Gen #800: 2028-09-21 (N=4) | Amount: 20834.000000
Gen #801: 2028-09-22 (N=5) | Amount: 20834.000000
Gen #802: 2028-09-23 (N=6) | Amount: 20834.000000
SKIP (Sunday): 2028-09-24
Gen #803: 2028-09-25 (N=1) | Amount: 20834.000000
Gen #804: 2028-09-26 (N=2) | Amount: 20834.000000
Gen #805: 2028-09-27 (N=3) | Amount: 20834.000000
Gen #806: 2028-09-28 (N=4) | Amount: 20834.000000
Gen #807: 2028-09-29 (N=5) | Amount: 20834.000000
Gen #808: 2028-09-30 (N=6) | Amount: 20834.000000
SKIP (Sunday): 2028-10-01
Gen #809: 2028-10-02 (N=1) | Amount: 20834.000000
Gen #810: 2028-10-03 (N=2) | Amount: 20834.000000
Gen #811: 2028-10-04 (N=3) | Amount: 20834.000000
Gen #812: 2028-10-05 (N=4) | Amount: 20834.000000
Gen #813: 2028-10-06 (N=5) | Amount: 20834.000000
Gen #814: 2028-10-07 (N=6) | Amount: 20834.000000
SKIP (Sunday): 2028-10-08
Gen #815: 2028-10-09 (N=1) | Amount: 20834.000000
Gen #816: 2028-10-10 (N=2) | Amount: 20834.000000
Gen #817: 2028-10-11 (N=3) | Amount: 20834.000000
Gen #818: 2028-10-12 (N=4) | Amount: 20834.000000
Gen #819: 2028-10-13 (N=5) | Amount: 20834.000000
Gen #820: 2028-10-14 (N=6) | Amount: 20834.000000
SKIP (Sunday): 2028-10-15
Gen #821: 2028-10-16 (N=1) | Amount: 20834.000000
Gen #822: 2028-10-17 (N=2) | Amount: 20834.000000
Gen #823: 2028-10-18 (N=3) | Amount: 20834.000000
Gen #824: 2028-10-19 (N=4) | Amount: 20834.000000
Gen #825: 2028-10-20 (N=5) | Amount: 20834.000000
Gen #826: 2028-10-21 (N=6) | Amount: 20834.000000
SKIP (Sunday): 2028-10-22
Gen #827: 2028-10-23 (N=1) | Amount: 20834.000000
Gen #828: 2028-10-24 (N=2) | Amount: 20834.000000
Gen #829: 2028-10-25 (N=3) | Amount: 20834.000000
Gen #830: 2028-10-26 (N=4) | Amount: 20834.000000
Gen #831: 2028-10-27 (N=5) | Amount: 20834.000000
Gen #832: 2028-10-28 (N=6) | Amount: 20834.000000
SKIP (Sunday): 2028-10-29
Gen #833: 2028-10-30 (N=1) | Amount: 20834.000000
Gen #834: 2028-10-31 (N=2) | Amount: 20834.000000
Gen #835: 2028-11-01 (N=3) | Amount: 20834.000000
Gen #836: 2028-11-02 (N=4) | Amount: 20834.000000
Gen #837: 2028-11-03 (N=5) | Amount: 20834.000000
Gen #838: 2028-11-04 (N=6) | Amount: 20834.000000
SKIP (Sunday): 2028-11-05
Gen #839: 2028-11-06 (N=1) | Amount: 20834.000000
Gen #840: 2028-11-07 (N=2) | Amount: 20834.000000
Gen #841: 2028-11-08 (N=3) | Amount: 20834.000000
Gen #842: 2028-11-09 (N=4) | Amount: 20834.000000
Gen #843: 2028-11-10 (N=5) | Amount: 20834.000000
Gen #844: 2028-11-11 (N=6) | Amount: 20834.000000
SKIP (Sunday): 2028-11-12
Gen #845: 2028-11-13 (N=1) | Amount: 20834.000000
Gen #846: 2028-11-14 (N=2) | Amount: 20834.000000
Gen #847: 2028-11-15 (N=3) | Amount: 20834.000000
Gen #848: 2028-11-16 (N=4) | Amount: 20834.000000
Gen #849: 2028-11-17 (N=5) | Amount: 20834.000000
Gen #850: 2028-11-18 (N=6) | Amount: 20834.000000
SKIP (Sunday): 2028-11-19
Gen #851: 2028-11-20 (N=1) | Amount: 20834.000000
Gen #852: 2028-11-21 (N=2) | Amount: 20834.000000
Gen #853: 2028-11-22 (N=3) | Amount: 20834.000000
Gen #854: 2028-11-23 (N=4) | Amount: 20834.000000
Gen #855: 2028-11-24 (N=5) | Amount: 20834.000000
Gen #856: 2028-11-25 (N=6) | Amount: 20834.000000
SKIP (Sunday): 2028-11-26
Gen #857: 2028-11-27 (N=1) | Amount: 20834.000000
Gen #858: 2028-11-28 (N=2) | Amount: 20834.000000
Gen #859: 2028-11-29 (N=3) | Amount: 20834.000000
Gen #860: 2028-11-30 (N=4) | Amount: 20834.000000
Gen #861: 2028-12-01 (N=5) | Amount: 20834.000000
Gen #862: 2028-12-02 (N=6) | Amount: 20834.000000
SKIP (Sunday): 2028-12-03
Gen #863: 2028-12-04 (N=1) | Amount: 20834.000000
Gen #864: 2028-12-05 (N=2) | Amount: 20834.000000
Gen #865: 2028-12-06 (N=3) | Amount: 20834.000000
Gen #866: 2028-12-07 (N=4) | Amount: 20834.000000
Gen #867: 2028-12-08 (N=5) | Amount: 20834.000000
Gen #868: 2028-12-09 (N=6) | Amount: 20834.000000
SKIP (Sunday): 2028-12-10
Gen #869: 2028-12-11 (N=1) | Amount: 20834.000000
Gen #870: 2028-12-12 (N=2) | Amount: 20834.000000
Gen #871: 2028-12-13 (N=3) | Amount: 20834.000000
Gen #872: 2028-12-14 (N=4) | Amount: 20834.000000
Gen #873: 2028-12-15 (N=5) | Amount: 20834.000000
Gen #874: 2028-12-16 (N=6) | Amount: 20834.000000
SKIP (Sunday): 2028-12-17
Gen #875: 2028-12-18 (N=1) | Amount: 20834.000000
Gen #876: 2028-12-19 (N=2) | Amount: 20834.000000
Gen #877: 2028-12-20 (N=3) | Amount: 20834.000000
Gen #878: 2028-12-21 (N=4) | Amount: 20834.000000
Gen #879: 2028-12-22 (N=5) | Amount: 20834.000000
Gen #880: 2028-12-23 (N=6) | Amount: 20834.000000
SKIP (Sunday): 2028-12-24
Gen #881: 2028-12-25 (N=1) | Amount: 20834.000000
Gen #882: 2028-12-26 (N=2) | Amount: 20834.000000
Gen #883: 2028-12-27 (N=3) | Amount: 20834.000000
Gen #884: 2028-12-28 (N=4) | Amount: 20834.000000
Gen #885: 2028-12-29 (N=5) | Amount: 20834.000000
Gen #886: 2028-12-30 (N=6) | Amount: 20834.000000
SKIP (Sunday): 2028-12-31
Gen #887: 2029-01-01 (N=1) | Amount: 20834.000000
Gen #888: 2029-01-02 (N=2) | Amount: 20834.000000
Gen #889: 2029-01-03 (N=3) | Amount: 20834.000000
Gen #890: 2029-01-04 (N=4) | Amount: 20834.000000
Gen #891: 2029-01-05 (N=5) | Amount: 20834.000000
Gen #892: 2029-01-06 (N=6) | Amount: 20834.000000
SKIP (Sunday): 2029-01-07
Gen #893: 2029-01-08 (N=1) | Amount: 20834.000000
Gen #894: 2029-01-09 (N=2) | Amount: 20834.000000
Gen #895: 2029-01-10 (N=3) | Amount: 20834.000000
Gen #896: 2029-01-11 (N=4) | Amount: 20834.000000
Gen #897: 2029-01-12 (N=5) | Amount: 20834.000000
Gen #898: 2029-01-13 (N=6) | Amount: 20834.000000
SKIP (Sunday): 2029-01-14
Gen #899: 2029-01-15 (N=1) | Amount: 20834.000000
Gen #900: 2029-01-16 (N=2) | Amount: 20834.000000
Gen #901: 2029-01-17 (N=3) | Amount: 20834.000000
Gen #902: 2029-01-18 (N=4) | Amount: 20834.000000
Gen #903: 2029-01-19 (N=5) | Amount: 20834.000000
Gen #904: 2029-01-20 (N=6) | Amount: 20834.000000
SKIP (Sunday): 2029-01-21
Gen #905: 2029-01-22 (N=1) | Amount: 20834.000000
Gen #906: 2029-01-23 (N=2) | Amount: 20834.000000
Gen #907: 2029-01-24 (N=3) | Amount: 20834.000000
Gen #908: 2029-01-25 (N=4) | Amount: 20834.000000
Gen #909: 2029-01-26 (N=5) | Amount: 20834.000000
Gen #910: 2029-01-27 (N=6) | Amount: 20834.000000
SKIP (Sunday): 2029-01-28
Gen #911: 2029-01-29 (N=1) | Amount: 20834.000000
Gen #912: 2029-01-30 (N=2) | Amount: 20834.000000
Gen #913: 2029-01-31 (N=3) | Amount: 20834.000000
Gen #914: 2029-02-01 (N=4) | Amount: 20834.000000
Gen #915: 2029-02-02 (N=5) | Amount: 20834.000000
Gen #916: 2029-02-03 (N=6) | Amount: 20834.000000
SKIP (Sunday): 2029-02-04
Gen #917: 2029-02-05 (N=1) | Amount: 20834.000000
Gen #918: 2029-02-06 (N=2) | Amount: 20834.000000
Gen #919: 2029-02-07 (N=3) | Amount: 20834.000000
Gen #920: 2029-02-08 (N=4) | Amount: 20834.000000
Gen #921: 2029-02-09 (N=5) | Amount: 20834.000000
Gen #922: 2029-02-10 (N=6) | Amount: 20834.000000
SKIP (Sunday): 2029-02-11
Gen #923: 2029-02-12 (N=1) | Amount: 20834.000000
Gen #924: 2029-02-13 (N=2) | Amount: 20834.000000
Gen #925: 2029-02-14 (N=3) | Amount: 20834.000000
Gen #926: 2029-02-15 (N=4) | Amount: 20834.000000
Gen #927: 2029-02-16 (N=5) | Amount: 20834.000000
Gen #928: 2029-02-17 (N=6) | Amount: 20834.000000
SKIP (Sunday): 2029-02-18
Gen #929: 2029-02-19 (N=1) | Amount: 20834.000000
Gen #930: 2029-02-20 (N=2) | Amount: 20834.000000
Gen #931: 2029-02-21 (N=3) | Amount: 20834.000000
Gen #932: 2029-02-22 (N=4) | Amount: 20834.000000
Gen #933: 2029-02-23 (N=5) | Amount: 20834.000000
Gen #934: 2029-02-24 (N=6) | Amount: 20834.000000
SKIP (Sunday): 2029-02-25
Gen #935: 2029-02-26 (N=1) | Amount: 20834.000000
Gen #936: 2029-02-27 (N=2) | Amount: 20834.000000
Gen #937: 2029-02-28 (N=3) | Amount: 20834.000000
Gen #938: 2029-03-01 (N=4) | Amount: 20834.000000
Gen #939: 2029-03-02 (N=5) | Amount: 20834.000000
Gen #940: 2029-03-03 (N=6) | Amount: 20834.000000
SKIP (Sunday): 2029-03-04
Gen #941: 2029-03-05 (N=1) | Amount: 20834.000000
Gen #942: 2029-03-06 (N=2) | Amount: 20834.000000
Gen #943: 2029-03-07 (N=3) | Amount: 20834.000000
Gen #944: 2029-03-08 (N=4) | Amount: 20834.000000
Gen #945: 2029-03-09 (N=5) | Amount: 20834.000000
Gen #946: 2029-03-10 (N=6) | Amount: 20834.000000
SKIP (Sunday): 2029-03-11
Gen #947: 2029-03-12 (N=1) | Amount: 20834.000000
Gen #948: 2029-03-13 (N=2) | Amount: 20834.000000
Gen #949: 2029-03-14 (N=3) | Amount: 20834.000000
Gen #950: 2029-03-15 (N=4) | Amount: 20834.000000
Gen #951: 2029-03-16 (N=5) | Amount: 20834.000000
Gen #952: 2029-03-17 (N=6) | Amount: 20834.000000
SKIP (Sunday): 2029-03-18
Gen #953: 2029-03-19 (N=1) | Amount: 20834.000000
Gen #954: 2029-03-20 (N=2) | Amount: 20834.000000
Gen #955: 2029-03-21 (N=3) | Amount: 20834.000000
Gen #956: 2029-03-22 (N=4) | Amount: 20834.000000
Gen #957: 2029-03-23 (N=5) | Amount: 20834.000000
Gen #958: 2029-03-24 (N=6) | Amount: 20834.000000
SKIP (Sunday): 2029-03-25
Gen #959: 2029-03-26 (N=1) | Amount: 20834.000000
Gen #960: 2029-03-27 (N=2) | Amount: 20834.000000
Gen #961: 2029-03-28 (N=3) | Amount: 20834.000000
Gen #962: 2029-03-29 (N=4) | Amount: 20834.000000
Gen #963: 2029-03-30 (N=5) | Amount: 20834.000000
Gen #964: 2029-03-31 (N=6) | Amount: 20834.000000
SKIP (Sunday): 2029-04-01
Gen #965: 2029-04-02 (N=1) | Amount: 20834.000000
Gen #966: 2029-04-03 (N=2) | Amount: 20834.000000
Gen #967: 2029-04-04 (N=3) | Amount: 20834.000000
Gen #968: 2029-04-05 (N=4) | Amount: 20834.000000
Gen #969: 2029-04-06 (N=5) | Amount: 20834.000000
Gen #970: 2029-04-07 (N=6) | Amount: 20834.000000
SKIP (Sunday): 2029-04-08
Gen #971: 2029-04-09 (N=1) | Amount: 20834.000000
Gen #972: 2029-04-10 (N=2) | Amount: 20834.000000
Gen #973: 2029-04-11 (N=3) | Amount: 20834.000000
Gen #974: 2029-04-12 (N=4) | Amount: 20834.000000
Gen #975: 2029-04-13 (N=5) | Amount: 20834.000000
Gen #976: 2029-04-14 (N=6) | Amount: 20834.000000
SKIP (Sunday): 2029-04-15
Gen #977: 2029-04-16 (N=1) | Amount: 20834.000000
Gen #978: 2029-04-17 (N=2) | Amount: 20834.000000
Gen #979: 2029-04-18 (N=3) | Amount: 20834.000000
Gen #980: 2029-04-19 (N=4) | Amount: 20834.000000
Gen #981: 2029-04-20 (N=5) | Amount: 20834.000000
Gen #982: 2029-04-21 (N=6) | Amount: 20834.000000
SKIP (Sunday): 2029-04-22
Gen #983: 2029-04-23 (N=1) | Amount: 20834.000000
Gen #984: 2029-04-24 (N=2) | Amount: 20834.000000
Gen #985: 2029-04-25 (N=3) | Amount: 20834.000000
Gen #986: 2029-04-26 (N=4) | Amount: 20834.000000
Gen #987: 2029-04-27 (N=5) | Amount: 20834.000000
Gen #988: 2029-04-28 (N=6) | Amount: 20834.000000
SKIP (Sunday): 2029-04-29
Gen #989: 2029-04-30 (N=1) | Amount: 20834.000000
Gen #990: 2029-05-01 (N=2) | Amount: 20834.000000
Gen #991: 2029-05-02 (N=3) | Amount: 20834.000000
Gen #992: 2029-05-03 (N=4) | Amount: 20834.000000
Gen #993: 2029-05-04 (N=5) | Amount: 20834.000000
Gen #994: 2029-05-05 (N=6) | Amount: 20834.000000
SKIP (Sunday): 2029-05-06
Gen #995: 2029-05-07 (N=1) | Amount: 20834.000000
Gen #996: 2029-05-08 (N=2) | Amount: 20834.000000
Gen #997: 2029-05-09 (N=3) | Amount: 20834.000000
Gen #998: 2029-05-10 (N=4) | Amount: 20834.000000
Gen #999: 2029-05-11 (N=5) | Amount: 20834.000000
Gen #1000: 2029-05-12 (N=6) | Amount: 20834.000000
SKIP (Sunday): 2029-05-13
Gen #1001: 2029-05-14 (N=1) | Amount: 20834.000000
Gen #1002: 2029-05-15 (N=2) | Amount: 20834.000000
Gen #1003: 2029-05-16 (N=3) | Amount: 20834.000000
Gen #1004: 2029-05-17 (N=4) | Amount: 20834.000000
Gen #1005: 2029-05-18 (N=5) | Amount: 20834.000000
Gen #1006: 2029-05-19 (N=6) | Amount: 20834.000000
SKIP (Sunday): 2029-05-20
Gen #1007: 2029-05-21 (N=1) | Amount: 20834.000000
Gen #1008: 2029-05-22 (N=2) | Amount: 20834.000000
Gen #1009: 2029-05-23 (N=3) | Amount: 20834.000000
Gen #1010: 2029-05-24 (N=4) | Amount: 20834.000000
Gen #1011: 2029-05-25 (N=5) | Amount: 20834.000000
Gen #1012: 2029-05-26 (N=6) | Amount: 20834.000000
SKIP (Sunday): 2029-05-27
Gen #1013: 2029-05-28 (N=1) | Amount: 20834.000000
Gen #1014: 2029-05-29 (N=2) | Amount: 20834.000000
Gen #1015: 2029-05-30 (N=3) | Amount: 20834.000000
Gen #1016: 2029-05-31 (N=4) | Amount: 20834.000000
Gen #1017: 2029-06-01 (N=5) | Amount: 20834.000000
Gen #1018: 2029-06-02 (N=6) | Amount: 20834.000000
SKIP (Sunday): 2029-06-03
Gen #1019: 2029-06-04 (N=1) | Amount: 20834.000000
Gen #1020: 2029-06-05 (N=2) | Amount: 20834.000000
Gen #1021: 2029-06-06 (N=3) | Amount: 20834.000000
Gen #1022: 2029-06-07 (N=4) | Amount: 20834.000000
Gen #1023: 2029-06-08 (N=5) | Amount: 20834.000000
Gen #1024: 2029-06-09 (N=6) | Amount: 20834.000000
SKIP (Sunday): 2029-06-10
Gen #1025: 2029-06-11 (N=1) | Amount: 20834.000000
Gen #1026: 2029-06-12 (N=2) | Amount: 20834.000000
Gen #1027: 2029-06-13 (N=3) | Amount: 20834.000000
Gen #1028: 2029-06-14 (N=4) | Amount: 20834.000000
Gen #1029: 2029-06-15 (N=5) | Amount: 20834.000000
Gen #1030: 2029-06-16 (N=6) | Amount: 20834.000000
SKIP (Sunday): 2029-06-17
Gen #1031: 2029-06-18 (N=1) | Amount: 20834.000000
Gen #1032: 2029-06-19 (N=2) | Amount: 20834.000000
Gen #1033: 2029-06-20 (N=3) | Amount: 20834.000000
Gen #1034: 2029-06-21 (N=4) | Amount: 20834.000000
Gen #1035: 2029-06-22 (N=5) | Amount: 20834.000000
Gen #1036: 2029-06-23 (N=6) | Amount: 20834.000000
SKIP (Sunday): 2029-06-24
Gen #1037: 2029-06-25 (N=1) | Amount: 20834.000000
Gen #1038: 2029-06-26 (N=2) | Amount: 20834.000000
Gen #1039: 2029-06-27 (N=3) | Amount: 20834.000000
Gen #1040: 2029-06-28 (N=4) | Amount: 20834.000000
Gen #1041: 2029-06-29 (N=5) | Amount: 20834.000000
Gen #1042: 2029-06-30 (N=6) | Amount: 20834.000000
SKIP (Sunday): 2029-07-01
Gen #1043: 2029-07-02 (N=1) | Amount: 20834.000000
Gen #1044: 2029-07-03 (N=2) | Amount: 20834.000000
Gen #1045: 2029-07-04 (N=3) | Amount: 20834.000000
Gen #1046: 2029-07-05 (N=4) | Amount: 20834.000000
Gen #1047: 2029-07-06 (N=5) | Amount: 20834.000000
Gen #1048: 2029-07-07 (N=6) | Amount: 20834.000000
SKIP (Sunday): 2029-07-08
Gen #1049: 2029-07-09 (N=1) | Amount: 20834.000000
Gen #1050: 2029-07-10 (N=2) | Amount: 20834.000000
Gen #1051: 2029-07-11 (N=3) | Amount: 20834.000000
Gen #1052: 2029-07-12 (N=4) | Amount: 20834.000000
Gen #1053: 2029-07-13 (N=5) | Amount: 20834.000000
Gen #1054: 2029-07-14 (N=6) | Amount: 20834.000000
SKIP (Sunday): 2029-07-15
Gen #1055: 2029-07-16 (N=1) | Amount: 20834.000000
Gen #1056: 2029-07-17 (N=2) | Amount: 20834.000000
Gen #1057: 2029-07-18 (N=3) | Amount: 20834.000000
Gen #1058: 2029-07-19 (N=4) | Amount: 20834.000000
Gen #1059: 2029-07-20 (N=5) | Amount: 20834.000000
Gen #1060: 2029-07-21 (N=6) | Amount: 20834.000000
SKIP (Sunday): 2029-07-22
Gen #1061: 2029-07-23 (N=1) | Amount: 20834.000000
Gen #1062: 2029-07-24 (N=2) | Amount: 20834.000000
Gen #1063: 2029-07-25 (N=3) | Amount: 20834.000000
Gen #1064: 2029-07-26 (N=4) | Amount: 20834.000000
Gen #1065: 2029-07-27 (N=5) | Amount: 20834.000000
Gen #1066: 2029-07-28 (N=6) | Amount: 20834.000000
SKIP (Sunday): 2029-07-29
Gen #1067: 2029-07-30 (N=1) | Amount: 20834.000000
Gen #1068: 2029-07-31 (N=2) | Amount: 20834.000000
Gen #1069: 2029-08-01 (N=3) | Amount: 20834.000000
Gen #1070: 2029-08-02 (N=4) | Amount: 20834.000000
Gen #1071: 2029-08-03 (N=5) | Amount: 20834.000000
Gen #1072: 2029-08-04 (N=6) | Amount: 20834.000000
SKIP (Sunday): 2029-08-05
Gen #1073: 2029-08-06 (N=1) | Amount: 20834.000000
Gen #1074: 2029-08-07 (N=2) | Amount: 20834.000000
Gen #1075: 2029-08-08 (N=3) | Amount: 20834.000000
Gen #1076: 2029-08-09 (N=4) | Amount: 20834.000000
Gen #1077: 2029-08-10 (N=5) | Amount: 20834.000000
Gen #1078: 2029-08-11 (N=6) | Amount: 20834.000000
SKIP (Sunday): 2029-08-12
Gen #1079: 2029-08-13 (N=1) | Amount: 20834.000000
